  [1m[35m (148.0ms)[0m  [1m[35mCREATE DATABASE "FirstRoutes_development" ENCODING = 'unicode'[0m
  [1m[35m (62.0ms)[0m  [1m[35mCREATE DATABASE "FirstRoutes_test" ENCODING = 'unicode'[0m
  [1m[35m (251.6ms)[0m  [1m[35mCREATE DATABASE "FirstRoutes_development" ENCODING = 'unicode'[0m
  [1m[35m (114.9ms)[0m  [1m[35mCREATE DATABASE "FirstRoutes_test" ENCODING = 'unicode'[0m
Started GET "/" for ::1 at 2023-06-07 16:20:12 -0400
Processing by Rails::WelcomeController#index as HTML
  Rendering /Users/vczaran/.rbenv/versions/3.1.1/lib/ruby/gems/3.1.0/gems/railties-7.0.5/lib/rails/templates/rails/welcome/index.html.erb
  Rendered /Users/vczaran/.rbenv/versions/3.1.1/lib/ruby/gems/3.1.0/gems/railties-7.0.5/lib/rails/templates/rails/welcome/index.html.erb (Duration: 3.2ms | Allocations: 527)
Completed 200 OK in 25ms (Views: 9.6ms | ActiveRecord: 0.0ms | Allocations: 4554)


Started GET "/?/users" for ::1 at 2023-06-07 16:20:57 -0400
Processing by Rails::WelcomeController#index as */*
  Parameters: {"/users"=>nil}
  Rendering /Users/vczaran/.rbenv/versions/3.1.1/lib/ruby/gems/3.1.0/gems/railties-7.0.5/lib/rails/templates/rails/welcome/index.html.erb
  Rendered /Users/vczaran/.rbenv/versions/3.1.1/lib/ruby/gems/3.1.0/gems/railties-7.0.5/lib/rails/templates/rails/welcome/index.html.erb (Duration: 1.7ms | Allocations: 278)
Completed 200 OK in 4ms (Views: 2.7ms | ActiveRecord: 0.0ms | Allocations: 1026)


Started GET "/?/users" for ::1 at 2023-06-07 16:22:36 -0400
Processing by Rails::WelcomeController#index as */*
  Parameters: {"/users"=>nil}
  Rendering /Users/vczaran/.rbenv/versions/3.1.1/lib/ruby/gems/3.1.0/gems/railties-7.0.5/lib/rails/templates/rails/welcome/index.html.erb
  Rendered /Users/vczaran/.rbenv/versions/3.1.1/lib/ruby/gems/3.1.0/gems/railties-7.0.5/lib/rails/templates/rails/welcome/index.html.erb (Duration: 0.3ms | Allocations: 23)
Completed 200 OK in 2ms (Views: 1.5ms | ActiveRecord: 0.0ms | Allocations: 279)


Started GET "/?/users" for ::1 at 2023-06-07 16:24:07 -0400
Processing by Rails::WelcomeController#index as */*
  Parameters: {"/users"=>nil}
  Rendering /Users/vczaran/.rbenv/versions/3.1.1/lib/ruby/gems/3.1.0/gems/railties-7.0.5/lib/rails/templates/rails/welcome/index.html.erb
  Rendered /Users/vczaran/.rbenv/versions/3.1.1/lib/ruby/gems/3.1.0/gems/railties-7.0.5/lib/rails/templates/rails/welcome/index.html.erb (Duration: 0.3ms | Allocations: 22)
Completed 200 OK in 1ms (Views: 0.9ms | ActiveRecord: 0.0ms | Allocations: 274)


Started GET "/?/users" for ::1 at 2023-06-07 16:24:25 -0400
Processing by Rails::WelcomeController#index as */*
  Parameters: {"/users"=>nil}
  Rendering /Users/vczaran/.rbenv/versions/3.1.1/lib/ruby/gems/3.1.0/gems/railties-7.0.5/lib/rails/templates/rails/welcome/index.html.erb
  Rendered /Users/vczaran/.rbenv/versions/3.1.1/lib/ruby/gems/3.1.0/gems/railties-7.0.5/lib/rails/templates/rails/welcome/index.html.erb (Duration: 0.1ms | Allocations: 16)
Completed 200 OK in 1ms (Views: 0.6ms | ActiveRecord: 0.0ms | Allocations: 207)


Started GET "/users" for ::1 at 2023-06-07 16:25:51 -0400
Processing by UsersController#index as */*
  Rendering text template
  Rendered text template (Duration: 0.0ms | Allocations: 13)
Completed 200 OK in 5ms (Views: 4.9ms | ActiveRecord: 0.0ms | Allocations: 1394)


Started GET "/?/users" for ::1 at 2023-06-07 16:26:00 -0400
Processing by Rails::WelcomeController#index as */*
  Parameters: {"/users"=>nil}
  Rendering /Users/vczaran/.rbenv/versions/3.1.1/lib/ruby/gems/3.1.0/gems/railties-7.0.5/lib/rails/templates/rails/welcome/index.html.erb
  Rendered /Users/vczaran/.rbenv/versions/3.1.1/lib/ruby/gems/3.1.0/gems/railties-7.0.5/lib/rails/templates/rails/welcome/index.html.erb (Duration: 2.0ms | Allocations: 520)
Completed 200 OK in 14ms (Views: 3.2ms | ActiveRecord: 0.0ms | Allocations: 3758)


Started GET "/users" for ::1 at 2023-06-07 16:26:05 -0400
Processing by UsersController#index as */*
  Rendering text template
  Rendered text template (Duration: 0.0ms | Allocations: 8)
Completed 200 OK in 2ms (Views: 1.4ms | ActiveRecord: 0.0ms | Allocations: 409)


Started GET "/users?fav_food=pizza" for ::1 at 2023-06-07 16:27:49 -0400
Processing by UsersController#index as */*
  Parameters: {"fav_food"=>"pizza"}
  Rendering text template
  Rendered text template (Duration: 0.0ms | Allocations: 5)
Completed 200 OK in 1ms (Views: 0.5ms | ActiveRecord: 0.0ms | Allocations: 165)


Started POST "/users" for ::1 at 2023-06-07 16:28:48 -0400

AbstractController::ActionNotFound - The action 'create' could not be found for UsersController:

Started POST "/users" for ::1 at 2023-06-07 16:29:59 -0400
Processing by UsersController#create as */*
  Parameters: {"fav_food"=>"pizza"}
Completed 200 OK in 2ms (Views: 1.5ms | ActiveRecord: 0.0ms | Allocations: 253)


Started GET "/users/2" for ::1 at 2023-06-07 16:31:11 -0400

AbstractController::ActionNotFound - The action 'show' could not be found for UsersController:

Started GET "/users/2" for ::1 at 2023-06-07 16:31:32 -0400
Processing by UsersController#show as */*
  Parameters: {"id"=>"2"}
Completed 200 OK in 0ms (Views: 0.2ms | ActiveRecord: 0.0ms | Allocations: 212)


Started GET "/users" for ::1 at 2023-06-07 16:37:52 -0400
Processing by UsersController#index as */*
  Parameters: {"foods"=>{"pizza"=>"yummy", "chocolate"=>"yuummmyyyyyy"}}
  Rendering text template
  Rendered text template (Duration: 0.0ms | Allocations: 7)
Completed 200 OK in 1ms (Views: 1.0ms | Allocations: 379)


Started POST "/users" for ::1 at 2023-06-07 16:38:46 -0400
Processing by UsersController#create as */*
  Parameters: {"foods"=>{"pizza"=>"yummy", "chocolate"=>"yuummmyyyyyy"}}
Completed 200 OK in 0ms (Views: 0.2ms | Allocations: 156)


Started POST "/users" for ::1 at 2023-06-07 16:39:26 -0400
Processing by UsersController#create as */*
  Parameters: {"foods"=>{"pizza"=>"yummy", "chocolate"=>"yuummmyyyyyy", "sweets"=>{"cupcake"=>"YUM"}}}
Completed 200 OK in 0ms (Views: 0.2ms | Allocations: 138)


  [1m[35m (13.0ms)[0m  [1m[35mCREATE TABLE "schema_migrations" ("version" character varying NOT NULL PRIMARY KEY)[0m
  [1m[35m (3.5ms)[0m  [1m[35mCREATE TABLE "ar_internal_metadata" ("key" character varying NOT NULL PRIMARY KEY, "value" character varying, "created_at" timestamp(6) NOT NULL, "updated_at" timestamp(6) NOT NULL)[0m
  [1m[35m (0.1ms)[0m  [1m[34mSELECT pg_try_advisory_lock(5947462904764865085)[0m
  [1m[36mActiveRecord::SchemaMigration Pluck (0.5ms)[0m  [1m[34mSELECT "schema_migrations"."version" FROM "schema_migrations" ORDER BY "schema_migrations"."version" ASC[0m
Migrating to CreateUsers (20230607204306)
  [1m[36mTRANSACTION (0.1ms)[0m  [1m[35mBEGIN[0m
  [1m[35m (4.4ms)[0m  [1m[35mCREATE TABLE "users" ("id" bigserial primary key, "name" character varying NOT NULL, "email" character varying NOT NULL, "created_at" timestamp(6) NOT NULL, "updated_at" timestamp(6) NOT NULL)[0m
  [1m[36mActiveRecord::SchemaMigration Create (0.5ms)[0m  [1m[32mINSERT INTO "schema_migrations" ("version") VALUES ($1) RETURNING "version"[0m  [["version", "20230607204306"]]
  [1m[36mTRANSACTION (0.3ms)[0m  [1m[35mCOMMIT[0m
  [1m[36mActiveRecord::InternalMetadata Load (0.3ms)[0m  [1m[34mSELECT "ar_internal_metadata".* FROM "ar_internal_metadata" WHERE "ar_internal_metadata"."key" = $1 LIMIT $2[0m  [["key", "environment"], ["LIMIT", 1]]
  [1m[36mTRANSACTION (0.1ms)[0m  [1m[35mBEGIN[0m
  [1m[36mActiveRecord::InternalMetadata Create (0.5ms)[0m  [1m[32mINSERT INTO "ar_internal_metadata" ("key", "value", "created_at", "updated_at") VALUES ($1, $2, $3, $4) RETURNING "key"[0m  [["key", "environment"], ["value", "development"], ["created_at", "2023-06-07 20:43:50.856386"], ["updated_at", "2023-06-07 20:43:50.856386"]]
  [1m[36mTRANSACTION (0.1ms)[0m  [1m[35mCOMMIT[0m
  [1m[35m (0.1ms)[0m  [1m[34mSELECT pg_advisory_unlock(5947462904764865085)[0m
  [1m[36mActiveRecord::SchemaMigration Pluck (0.5ms)[0m  [1m[34mSELECT "schema_migrations"."version" FROM "schema_migrations" ORDER BY "schema_migrations"."version" ASC[0m
  [1m[36mTRANSACTION (0.8ms)[0m  [1m[35mBEGIN[0m
  [1m[36mUser Create (4.9ms)[0m  [1m[32mINSERT INTO "users" ("name", "email", "created_at", "updated_at") VALUES ($1, $2, $3, $4) RETURNING "id"[0m  [["name", "Amin"], ["email", "amin@gmail.com"], ["created_at", "2023-06-07 20:55:17.165243"], ["updated_at", "2023-06-07 20:55:17.165243"]]
  [1m[36mTRANSACTION (0.8ms)[0m  [1m[35mCOMMIT[0m
  [1m[36mTRANSACTION (0.3ms)[0m  [1m[35mBEGIN[0m
  [1m[36mUser Create (0.4ms)[0m  [1m[32mINSERT INTO "users" ("name", "email", "created_at", "updated_at") VALUES ($1, $2, $3, $4) RETURNING "id"[0m  [["name", "Banana"], ["email", "banana@gmail.com"], ["created_at", "2023-06-07 20:55:44.248904"], ["updated_at", "2023-06-07 20:55:44.248904"]]
  [1m[36mTRANSACTION (0.4ms)[0m  [1m[35mCOMMIT[0m
  [1m[36mTRANSACTION (0.3ms)[0m  [1m[35mBEGIN[0m
  [1m[36mUser Create (0.6ms)[0m  [1m[32mINSERT INTO "users" ("name", "email", "created_at", "updated_at") VALUES ($1, $2, $3, $4) RETURNING "id"[0m  [["name", "apple"], ["email", "apple@gmail.com"], ["created_at", "2023-06-07 20:56:07.454811"], ["updated_at", "2023-06-07 20:56:07.454811"]]
  [1m[36mTRANSACTION (0.7ms)[0m  [1m[35mCOMMIT[0m
Started GET "/users" for ::1 at 2023-06-07 16:58:12 -0400
  [1m[36mActiveRecord::SchemaMigration Pluck (1.5ms)[0m  [1m[34mSELECT "schema_migrations"."version" FROM "schema_migrations" ORDER BY "schema_migrations"."version" ASC[0m

SyntaxError - syntax error, unexpected local variable or method, expecting `end'
      render :json users
                   ^~~~~:
  app/controllers/users_controller.rb:5:in `'

Started GET "/users" for ::1 at 2023-06-07 16:58:41 -0400
Processing by UsersController#index as */*
  [1m[36mUser Load (1.9ms)[0m  [1m[34mSELECT "users".* FROM "users"[0m
  ↳ app/controllers/users_controller.rb:5:in `index'
Completed 200 OK in 17ms (Views: 6.7ms | ActiveRecord: 9.1ms | Allocations: 6306)


Started POST "/users" for ::1 at 2023-06-07 17:02:21 -0400
Processing by UsersController#create as */*
  Parameters: {"user"=>{"name"=>"appAcademy", "email"=>"appAcademy@gmail.com"}}
  [1m[36mTRANSACTION (0.1ms)[0m  [1m[35mBEGIN[0m
  ↳ app/controllers/users_controller.rb:10:in `create'
  [1m[36mUser Create (0.6ms)[0m  [1m[32mINSERT INTO "users" ("name", "email", "created_at", "updated_at") VALUES ($1, $2, $3, $4) RETURNING "id"[0m  [["name", "appAcademy"], ["email", "appAcademy@gmail.com"], ["created_at", "2023-06-07 21:02:21.218833"], ["updated_at", "2023-06-07 21:02:21.218833"]]
  ↳ app/controllers/users_controller.rb:10:in `create'
  [1m[36mTRANSACTION (0.9ms)[0m  [1m[35mCOMMIT[0m
  ↳ app/controllers/users_controller.rb:10:in `create'
Completed 200 OK in 12ms (Views: 0.2ms | ActiveRecord: 6.1ms | Allocations: 5862)


Started POST "/users" for ::1 at 2023-06-07 17:02:48 -0400
Processing by UsersController#create as */*
  Parameters: {"user"=>{"name"=>"appAcademy"}}
Completed 422 Unprocessable Entity in 12ms (ActiveRecord: 0.0ms | Allocations: 3155)



ActiveRecord::RecordInvalid - Validation failed: Email can't be blank:
  app/controllers/users_controller.rb:10:in `create'

Started GET "/" for ::1 at 2023-06-07 17:03:26 -0400
Processing by Rails::WelcomeController#index as HTML
  Rendering /Users/xlg/.rbenv/versions/3.1.1/lib/ruby/gems/3.1.0/gems/railties-7.0.5/lib/rails/templates/rails/welcome/index.html.erb
  Rendered /Users/xlg/.rbenv/versions/3.1.1/lib/ruby/gems/3.1.0/gems/railties-7.0.5/lib/rails/templates/rails/welcome/index.html.erb (Duration: 1.5ms | Allocations: 521)
Completed 200 OK in 23ms (Views: 7.1ms | ActiveRecord: 0.0ms | Allocations: 2747)


